<?xml version="1.0" encoding="UTF-8"?>
<!-- Generated by org.testng.reporters.JUnitXMLReporter -->
<testsuite hostname="CHDSEZ006256Ls-MacBook-Pro.local" name="Default test" tests="2" failures="0" timestamp="7 Jun 2018 08:56:59 GMT" time="255.455" errors="0">
  <testcase name="getCRMTestData" time="0.006" classname="com.crm.qa.testcases.ContactsPageTest"/>
  <testcase name="verifyContactsPageLabel" time="2.12" classname="com.crm.qa.testcases.ContactsPageTest"/>
</testsuite> <!-- Default test -->
