<?xml version="1.0" encoding="UTF-8"?>
<!-- Generated by org.testng.reporters.JUnitXMLReporter -->
<testsuite hostname="CHDSEZ0256LsMBP" name="Free CRM" tests="3" failures="0" timestamp="9 Jun 2018 13:52:47 GMT" time="47.547" errors="0">
  <testcase name="loginPageTitleTest" time="0.013" classname="com.crm.qa.testcases.LoginPageTest"/>
  <testcase name="crmLogoImageTest" time="0.041" classname="com.crm.qa.testcases.LoginPageTest"/>
  <testcase name="LoginTest" time="8.183" classname="com.crm.qa.testcases.LoginPageTest"/>
</testsuite> <!-- Free CRM -->
